<?xml version="1.0" encoding="UTF-8"?>
<!-- Generated by org.testng.reporters.JUnitReportReporter -->
<testsuite hostname="LAPTOP-QS2J1VMC" failures="0" tests="1" name="TestScripts.T_07CreatePurchaseorderwithItemandAddService" time="102.272" errors="0" timestamp="2021-10-07T21:45:50 IST" skipped="0">
  <testcase classname="TestScripts.T_07CreatePurchaseorderwithItemandAddService" name="CreatePurchaseorderwithItemandAddService" time="102.272"/>
  <system-out/>
</testsuite> <!-- TestScripts.T_07CreatePurchaseorderwithItemandAddService -->
