<?xml version="1.0" encoding="UTF-8"?>
<testng-results ignored="0" total="1" passed="1" failed="0" skipped="0">
  <reporter-output>
  </reporter-output>
  <suite started-at="2021-10-13T10:36:58 IST" name="Default suite" finished-at="2021-10-13T10:37:43 IST" duration-ms="44470">
    <groups>
      <group name="smokeTest">
        <method signature="T2_CreatePurchaseorderwithItemandAddService.CreatePurchaseorderwithItemandAddService()[pri:0, instance:purchaseOrderTestScript.T2_CreatePurchaseorderwithItemandAddService@6572421]" name="CreatePurchaseorderwithItemandAddService" class="purchaseOrderTestScript.T2_CreatePurchaseorderwithItemandAddService"/>
      </group> <!-- smokeTest -->
    </groups>
    <test started-at="2021-10-13T10:36:58 IST" name="Default test" finished-at="2021-10-13T10:37:43 IST" duration-ms="44470">
      <class name="purchaseOrderTestScript.T2_CreatePurchaseorderwithItemandAddService">
        <test-method is-config="true" signature="connectDB()[pri:0, instance:purchaseOrderTestScript.T2_CreatePurchaseorderwithItemandAddService@6572421]" started-at="2021-10-13T10:36:58 IST" name="connectDB" finished-at="2021-10-13T10:36:58 IST" duration-ms="6" status="PASS">
          <reporter-output>
          </reporter-output>
        </test-method> <!-- connectDB -->
        <test-method is-config="true" signature="launchBrowser()[pri:0, instance:purchaseOrderTestScript.T2_CreatePurchaseorderwithItemandAddService@6572421]" started-at="2021-10-13T10:36:58 IST" name="launchBrowser" finished-at="2021-10-13T10:37:01 IST" duration-ms="2325" status="PASS">
          <reporter-output>
          </reporter-output>
        </test-method> <!-- launchBrowser -->
        <test-method is-config="true" signature="loginToApp()[pri:0, instance:purchaseOrderTestScript.T2_CreatePurchaseorderwithItemandAddService@6572421]" started-at="2021-10-13T10:37:01 IST" name="loginToApp" finished-at="2021-10-13T10:37:04 IST" duration-ms="2925" status="PASS">
          <reporter-output>
          </reporter-output>
        </test-method> <!-- loginToApp -->
        <test-method signature="CreatePurchaseorderwithItemandAddService()[pri:0, instance:purchaseOrderTestScript.T2_CreatePurchaseorderwithItemandAddService@6572421]" started-at="2021-10-13T10:37:04 IST" name="CreatePurchaseorderwithItemandAddService" finished-at="2021-10-13T10:37:37 IST" duration-ms="33863" status="PASS">
          <reporter-output>
          </reporter-output>
        </test-method> <!-- CreatePurchaseorderwithItemandAddService -->
        <test-method is-config="true" signature="logoutOfApp()[pri:0, instance:purchaseOrderTestScript.T2_CreatePurchaseorderwithItemandAddService@6572421]" started-at="2021-10-13T10:37:37 IST" name="logoutOfApp" finished-at="2021-10-13T10:37:42 IST" duration-ms="4961" status="PASS">
          <reporter-output>
          </reporter-output>
        </test-method> <!-- logoutOfApp -->
        <test-method is-config="true" signature="closeBrowser()[pri:0, instance:purchaseOrderTestScript.T2_CreatePurchaseorderwithItemandAddService@6572421]" started-at="2021-10-13T10:37:42 IST" name="closeBrowser" finished-at="2021-10-13T10:37:43 IST" duration-ms="360" status="PASS">
          <reporter-output>
          </reporter-output>
        </test-method> <!-- closeBrowser -->
        <test-method is-config="true" signature="closeDB()[pri:0, instance:purchaseOrderTestScript.T2_CreatePurchaseorderwithItemandAddService@6572421]" started-at="2021-10-13T10:37:43 IST" name="closeDB" finished-at="2021-10-13T10:37:43 IST" duration-ms="1" status="PASS">
          <reporter-output>
          </reporter-output>
        </test-method> <!-- closeDB -->
      </class> <!-- purchaseOrderTestScript.T2_CreatePurchaseorderwithItemandAddService -->
    </test> <!-- Default test -->
  </suite> <!-- Default suite -->
</testng-results>
